{"level":"error","message":"Database connection failed:","timestamp":"2025-02-19T08:53:21.623Z"}
{"level":"error","message":"Database connection failed:","timestamp":"2025-02-19T08:53:32.991Z"}
{"level":"error","message":"Database connection failed:","timestamp":"2025-02-19T08:56:41.453Z"}
{"level":"error","message":"Database connection failed:","timestamp":"2025-02-19T08:58:42.977Z"}
{"level":"error","message":"Database connection failed:","timestamp":"2025-02-19T09:00:08.076Z"}
{"level":"error","message":"Database connection failed:","timestamp":"2025-02-19T09:00:14.075Z"}
{"level":"error","message":"Database connection failed:","timestamp":"2025-02-19T09:00:41.566Z"}
{"level":"error","message":"Database connection failed:","timestamp":"2025-02-19T09:00:46.274Z"}
{"level":"error","message":"Database connection failed:","timestamp":"2025-02-19T09:03:01.303Z"}
{"level":"error","message":"Database connection failed:","timestamp":"2025-02-19T09:03:05.856Z"}
{"level":"error","message":"Database connection failed:","timestamp":"2025-02-19T09:07:54.413Z"}
{"level":"error","message":"Database connection failed:","timestamp":"2025-02-19T09:08:20.107Z"}
{"level":"error","message":"Database connection failed:","timestamp":"2025-02-19T09:10:58.377Z"}
{"level":"error","message":"Database connection failed:","timestamp":"2025-02-19T09:11:51.631Z"}
{"level":"error","message":"Database connection failed:","timestamp":"2025-02-19T09:12:09.180Z"}
{"level":"error","message":"Database connection failed:","timestamp":"2025-02-19T09:12:30.174Z"}
{"address":"2406:da1a:6b0:f602:5ec9:69ba:66df:94f7","code":"ENETUNREACH","errno":-101,"level":"error","message":"Database connection failed - Full error: connect ENETUNREACH 2406:da1a:6b0:f602:5ec9:69ba:66df:94f7:5432 - Local (:::0)","port":5432,"stack":"Error: connect ENETUNREACH 2406:da1a:6b0:f602:5ec9:69ba:66df:94f7:5432 - Local (:::0)\n    at /home/neha/timebank/server/node_modules/pg-pool/index.js:45:11\n    at process.processTicksAndRejections (node:internal/process/task_queues:105:5)\n    at async connectDB (/home/neha/timebank/server/config/db.js:13:20)\n    at async startServer (/home/neha/timebank/server/server.js:18:5)","syscall":"connect","timestamp":"2025-02-19T09:13:37.971Z"}
{"address":"2406:da1a:6b0:f602:5ec9:69ba:66df:94f7","code":"ENETUNREACH","errno":-101,"level":"error","message":"Database connection failed - Full error: connect ENETUNREACH 2406:da1a:6b0:f602:5ec9:69ba:66df:94f7:5432 - Local (:::0)","port":5432,"stack":"Error: connect ENETUNREACH 2406:da1a:6b0:f602:5ec9:69ba:66df:94f7:5432 - Local (:::0)\n    at /home/neha/timebank/server/node_modules/pg-pool/index.js:45:11\n    at process.processTicksAndRejections (node:internal/process/task_queues:105:5)\n    at async connectDB (/home/neha/timebank/server/config/db.js:13:20)\n    at async startServer (/home/neha/timebank/server/server.js:19:5)","syscall":"connect","timestamp":"2025-02-19T09:13:54.108Z"}
{"address":"2406:da1a:6b0:f602:5ec9:69ba:66df:94f7","code":"ENETUNREACH","errno":-101,"level":"error","message":"Database connection failed - Full error: connect ENETUNREACH 2406:da1a:6b0:f602:5ec9:69ba:66df:94f7:5432 - Local (:::0)","port":5432,"stack":"Error: connect ENETUNREACH 2406:da1a:6b0:f602:5ec9:69ba:66df:94f7:5432 - Local (:::0)\n    at /home/neha/timebank/server/node_modules/pg-pool/index.js:45:11\n    at process.processTicksAndRejections (node:internal/process/task_queues:105:5)\n    at async connectDB (/home/neha/timebank/server/config/db.js:13:20)\n    at async startServer (/home/neha/timebank/server/server.js:19:5)","syscall":"connect","timestamp":"2025-02-19T09:14:28.108Z"}
{"level":"info","message":"Database connected successfully","timestamp":"2025-02-19T09:19:38.158Z"}
{"level":"info","message":"Database tables initialized successfully","timestamp":"2025-02-19T09:19:39.629Z"}
{"level":"info","message":"Database connected successfully","timestamp":"2025-02-19T09:28:32.224Z"}
{"level":"info","message":"Database tables initialized successfully","timestamp":"2025-02-19T09:28:33.651Z"}
{"level":"info","message":"Database connected successfully","timestamp":"2025-02-19T09:33:04.999Z"}
{"level":"info","message":"Database tables initialized successfully","timestamp":"2025-02-19T09:33:06.429Z"}
{"level":"info","message":"Server running on port 5000","timestamp":"2025-02-19T09:33:06.538Z"}
{"level":"info","message":"GET /","timestamp":"2025-02-19T09:33:40.041Z"}
{"level":"info","message":"GET /favicon.ico","timestamp":"2025-02-19T09:33:40.120Z"}
{"level":"info","message":"Database connected successfully","timestamp":"2025-02-19T09:45:38.448Z"}
{"level":"info","message":"Database tables initialized successfully","timestamp":"2025-02-19T09:45:39.453Z"}
{"level":"info","message":"Server running on port 5000","timestamp":"2025-02-19T09:45:39.570Z"}
{"level":"info","message":"Database connected successfully","timestamp":"2025-02-19T09:45:51.307Z"}
{"level":"info","message":"Database tables initialized successfully","timestamp":"2025-02-19T09:45:52.282Z"}
{"level":"info","message":"Server running on port 5000","timestamp":"2025-02-19T09:45:52.350Z"}
{"level":"info","message":"Database connected successfully","timestamp":"2025-02-19T09:46:02.390Z"}
{"level":"info","message":"Database tables initialized successfully","timestamp":"2025-02-19T09:46:03.440Z"}
{"level":"info","message":"Server running on port 5000","timestamp":"2025-02-19T09:46:03.541Z"}
{"level":"info","message":"Database connected successfully","timestamp":"2025-02-19T10:21:43.751Z"}
{"level":"info","message":"Users table created or already exists","timestamp":"2025-02-19T10:21:44.020Z"}
{"level":"info","message":"Database tables initialized successfully","timestamp":"2025-02-19T10:21:44.521Z"}
{"level":"info","message":"Server running on port 5000","timestamp":"2025-02-19T10:21:44.660Z"}
{"level":"info","message":"Database connected successfully","timestamp":"2025-02-19T10:22:23.722Z"}
{"level":"info","message":"Users table created or already exists","timestamp":"2025-02-19T10:22:23.971Z"}
{"level":"info","message":"Database tables initialized successfully","timestamp":"2025-02-19T10:22:24.586Z"}
{"level":"info","message":"Server running on port 5000","timestamp":"2025-02-19T10:22:24.713Z"}
{"level":"info","message":"Database connected successfully","timestamp":"2025-02-19T10:25:36.489Z"}
{"level":"info","message":"Users table created or already exists","timestamp":"2025-02-19T10:25:36.773Z"}
{"level":"info","message":"Database tables initialized successfully","timestamp":"2025-02-19T10:25:37.306Z"}
{"level":"info","message":"Server running on port 5000","timestamp":"2025-02-19T10:25:37.564Z"}
{"level":"info","message":"Database connected successfully","timestamp":"2025-02-19T10:25:47.138Z"}
{"level":"info","message":"Users table created or already exists","timestamp":"2025-02-19T10:25:47.445Z"}
{"level":"info","message":"Database tables initialized successfully","timestamp":"2025-02-19T10:25:47.986Z"}
{"level":"info","message":"Server running on port 5000","timestamp":"2025-02-19T10:25:48.165Z"}
{"level":"info","message":"Database connected successfully","timestamp":"2025-02-19T10:29:13.131Z"}
{"level":"info","message":"Users table created or already exists","timestamp":"2025-02-19T10:29:13.538Z"}
{"level":"info","message":"Database tables initialized successfully","timestamp":"2025-02-19T10:29:14.254Z"}
{"level":"info","message":"Server running on port 5000","timestamp":"2025-02-19T10:29:14.402Z"}
{"level":"info","message":"POST /api/auth/sync-user","timestamp":"2025-02-19T10:30:06.116Z"}
{"clerkUserId":"user_2tFnMl5kMJjLG0kIcTSJeYsmdXa","email":"nehaprasad27118@gmail.com","level":"info","message":"Received sync request:","name":"Neha","timestamp":"2025-02-19T10:30:06.118Z"}
{"exists":false,"level":"info","message":"Existing user check:","timestamp":"2025-02-19T10:30:08.501Z"}
{"clerk_id":"user_2tFnMl5kMJjLG0kIcTSJeYsmdXa","email":"nehaprasad27118@gmail.com","level":"info","message":"Creating new user with data:","name":"Neha","password":null,"timestamp":"2025-02-19T10:30:08.502Z"}
{"clerk_id":"user_2tFnMl5kMJjLG0kIcTSJeYsmdXa","email":"nehaprasad27118@gmail.com","level":"info","message":"Creating user with data:","name":"Neha","timestamp":"2025-02-19T10:30:08.503Z"}
{"0":"Neha","1":"nehaprasad27118@gmail.com","2":null,"3":"user_2tFnMl5kMJjLG0kIcTSJeYsmdXa","4":0,"level":"info","message":"Executing query with values:","timestamp":"2025-02-19T10:30:08.503Z"}
{"bio":null,"clerk_id":"user_2tFnMl5kMJjLG0kIcTSJeYsmdXa","created_at":"2025-02-19T05:00:08.666Z","email":"nehaprasad27118@gmail.com","id":1,"level":"info","message":"User created:","name":"Neha","password":null,"rating":"0.00","review_count":0,"skills":null,"time_credits":"0.00","timestamp":"2025-02-19T10:30:08.913Z"}
{"bio":null,"clerk_id":"user_2tFnMl5kMJjLG0kIcTSJeYsmdXa","created_at":"2025-02-19T05:00:08.666Z","email":"nehaprasad27118@gmail.com","id":1,"level":"info","message":"New user created:","name":"Neha","password":null,"rating":"0.00","review_count":0,"skills":null,"time_credits":"0.00","timestamp":"2025-02-19T10:30:08.916Z"}
{"level":"info","message":"POST /api/auth/sync-user","timestamp":"2025-02-19T10:30:34.521Z"}
{"clerkUserId":"user_2tFnMl5kMJjLG0kIcTSJeYsmdXa","email":"nehaprasad27118@gmail.com","level":"info","message":"Received sync request:","name":"Neha","timestamp":"2025-02-19T10:30:34.523Z"}
{"exists":true,"level":"info","message":"Existing user check:","timestamp":"2025-02-19T10:30:36.967Z"}
